# JRE version: OpenJDK Runtime Environment (8.0_202) (build 1.8.0_202-release-1483-b49-5587405)
# Java VM: OpenJDK 64-Bit Server VM (25.202-b49-5587405 mixed mode linux-amd64 compressed oops)
Heap:
 PSYoungGen      total 355840K, used 0K [0x00000000e0000000, 0x00000000feb00000, 0x0000000100000000)
  eden space 215552K, 0% used [0x00000000e0000000,0x00000000e0000000,0x00000000ed280000)
  from space 140288K, 0% used [0x00000000ed280000,0x00000000ed280000,0x00000000f5b80000)
  to   space 133120K, 0% used [0x00000000f6900000,0x00000000f6900000,0x00000000feb00000)
 ParOldGen       total 515072K, used 347657K [0x00000000a0000000, 0x00000000bf700000, 0x00000000e0000000)
  object space 515072K, 67% used [0x00000000a0000000,0x00000000b5382688,0x00000000bf700000)
 Metaspace       used 173031K, capacity 183126K, committed 190680K, reserved 1214464K
  class space    used 21674K, capacity 23395K, committed 24832K, reserved 1048576K
GC Heap History (10 events):
Event: 21890.520 GC heap after
Heap after GC invocations=108 (full 9):
 PSYoungGen      total 225280K, used 38433K [0x00000000e0000000, 0x00000000ff480000, 0x0000000100000000)
  eden space 186368K, 0% used [0x00000000e0000000,0x00000000e0000000,0x00000000eb600000)
  from space 38912K, 98% used [0x00000000eb600000,0x00000000edb886d8,0x00000000edc00000)
  to   space 161792K, 0% used [0x00000000f5680000,0x00000000f5680000,0x00000000ff480000)
 ParOldGen       total 515072K, used 340307K [0x00000000a0000000, 0x00000000bf700000, 0x00000000e0000000)
  object space 515072K, 66% used [0x00000000a0000000,0x00000000b4c54c20,0x00000000bf700000)
 Metaspace       used 175315K, capacity 186276K, committed 190040K, reserved 1214464K
  class space    used 22097K, capacity 24017K, committed 24704K, reserved 1048576K
}
Event: 21890.839 GC heap before
{Heap before GC invocations=109 (full 9):
 PSYoungGen      total 225280K, used 224801K [0x00000000e0000000, 0x00000000ff480000, 0x0000000100000000)
  eden space 186368K, 100% used [0x00000000e0000000,0x00000000eb600000,0x00000000eb600000)
  from space 38912K, 98% used [0x00000000eb600000,0x00000000edb886d8,0x00000000edc00000)
  to   space 161792K, 0% used [0x00000000f5680000,0x00000000f5680000,0x00000000ff480000)
 ParOldGen       total 515072K, used 340307K [0x00000000a0000000, 0x00000000bf700000, 0x00000000e0000000)
  object space 515072K, 66% used [0x00000000a0000000,0x00000000b4c54c20,0x00000000bf700000)
 Metaspace       used 175331K, capacity 186288K, committed 190040K, reserved 1214464K
  class space    used 22100K, capacity 24019K, committed 24704K, reserved 1048576K
Event: 21890.880 GC heap after
Heap after GC invocations=109 (full 9):
 PSYoungGen      total 358400K, used 67279K [0x00000000e0000000, 0x00000000ffd80000, 0x0000000100000000)
  eden space 196608K, 0% used [0x00000000e0000000,0x00000000e0000000,0x00000000ec000000)
  from space 161792K, 41% used [0x00000000f5680000,0x00000000f9833db8,0x00000000ff480000)
  to   space 154112K, 0% used [0x00000000ec000000,0x00000000ec000000,0x00000000f5680000)
 ParOldGen       total 515072K, used 361178K [0x00000000a0000000, 0x00000000bf700000, 0x00000000e0000000)
  object space 515072K, 70% used [0x00000000a0000000,0x00000000b60b6918,0x00000000bf700000)
 Metaspace       used 175331K, capacity 186288K, committed 190040K, reserved 1214464K
  class space    used 22100K, capacity 24019K, committed 24704K, reserved 1048576K
}
Event: 21891.304 GC heap before
{Heap before GC invocations=110 (full 9):
 PSYoungGen      total 358400K, used 263887K [0x00000000e0000000, 0x00000000ffd80000, 0x0000000100000000)
  eden space 196608K, 100% used [0x00000000e0000000,0x00000000ec000000,0x00000000ec000000)
  from space 161792K, 41% used [0x00000000f5680000,0x00000000f9833db8,0x00000000ff480000)
  to   space 154112K, 0% used [0x00000000ec000000,0x00000000ec000000,0x00000000f5680000)
 ParOldGen       total 515072K, used 361178K [0x00000000a0000000, 0x00000000bf700000, 0x00000000e0000000)
  object space 515072K, 70% used [0x00000000a0000000,0x00000000b60b6918,0x00000000bf700000)
 Metaspace       used 175980K, capacity 187018K, committed 190680K, reserved 1214464K
  class space    used 22197K, capacity 24118K, committed 24832K, reserved 1048576K
Event: 21891.360 GC heap after
Heap after GC invocations=110 (full 9):
 PSYoungGen      total 350720K, used 44826K [0x00000000e0000000, 0x00000000feb80000, 0x0000000100000000)
  eden space 196608K, 0% used [0x00000000e0000000,0x00000000e0000000,0x00000000ec000000)
  from space 154112K, 29% used [0x00000000ec000000,0x00000000eebc6bd0,0x00000000f5680000)
  to   space 147456K, 0% used [0x00000000f5b80000,0x00000000f5b80000,0x00000000feb80000)
 ParOldGen       total 515072K, used 393689K [0x00000000a0000000, 0x00000000bf700000, 0x00000000e0000000)
  object space 515072K, 76% used [0x00000000a0000000,0x00000000b8076528,0x00000000bf700000)
 Metaspace       used 175980K, capacity 187018K, committed 190680K, reserved 1214464K
  class space    used 22197K, capacity 24118K, committed 24832K, reserved 1048576K
}
Event: 21891.543 GC heap before
{Heap before GC invocations=111 (full 9):
 PSYoungGen      total 350720K, used 241434K [0x00000000e0000000, 0x00000000feb80000, 0x0000000100000000)
  eden space 196608K, 100% used [0x00000000e0000000,0x00000000ec000000,0x00000000ec000000)
  from space 154112K, 29% used [0x00000000ec000000,0x00000000eebc6bd0,0x00000000f5680000)
  to   space 147456K, 0% used [0x00000000f5b80000,0x00000000f5b80000,0x00000000feb80000)
 ParOldGen       total 515072K, used 393689K [0x00000000a0000000, 0x00000000bf700000, 0x00000000e0000000)
  object space 515072K, 76% used [0x00000000a0000000,0x00000000b8076528,0x00000000bf700000)
 Metaspace       used 175980K, capacity 187018K, committed 190680K, reserved 1214464K
  class space    used 22197K, capacity 24118K, committed 24832K, reserved 1048576K
Event: 21891.669 GC heap after
Heap after GC invocations=111 (full 9):
 PSYoungGen      total 363008K, used 48342K [0x00000000e0000000, 0x00000000feb80000, 0x0000000100000000)
  eden space 215552K, 0% used [0x00000000e0000000,0x00000000e0000000,0x00000000ed280000)
  from space 147456K, 32% used [0x00000000f5b80000,0x00000000f8ab5a30,0x00000000feb80000)
  to   space 140288K, 0% used [0x00000000ed280000,0x00000000ed280000,0x00000000f5b80000)
 ParOldGen       total 515072K, used 436158K [0x00000000a0000000, 0x00000000bf700000, 0x00000000e0000000)
  object space 515072K, 84% used [0x00000000a0000000,0x00000000ba9efa30,0x00000000bf700000)
 Metaspace       used 175980K, capacity 187018K, committed 190680K, reserved 1214464K
  class space    used 22197K, capacity 24118K, committed 24832K, reserved 1048576K
}
Event: 21901.205 GC heap before
{Heap before GC invocations=112 (full 9):
 PSYoungGen      total 363008K, used 263894K [0x00000000e0000000, 0x00000000feb80000, 0x0000000100000000)
  eden space 215552K, 100% used [0x00000000e0000000,0x00000000ed280000,0x00000000ed280000)
  from space 147456K, 32% used [0x00000000f5b80000,0x00000000f8ab5a30,0x00000000feb80000)
  to   space 140288K, 0% used [0x00000000ed280000,0x00000000ed280000,0x00000000f5b80000)
 ParOldGen       total 515072K, used 436158K [0x00000000a0000000, 0x00000000bf700000, 0x00000000e0000000)
  object space 515072K, 84% used [0x00000000a0000000,0x00000000ba9efa30,0x00000000bf700000)
 Metaspace       used 176002K, capacity 187036K, committed 190680K, reserved 1214464K
  class space    used 22200K, capacity 24121K, committed 24832K, reserved 1048576K
Event: 21901.320 GC heap after
Heap after GC invocations=112 (full 9):
 PSYoungGen      total 355840K, used 51151K [0x00000000e0000000, 0x00000000feb00000, 0x0000000100000000)
  eden space 215552K, 0% used [0x00000000e0000000,0x00000000e0000000,0x00000000ed280000)
  from space 140288K, 36% used [0x00000000ed280000,0x00000000f0473f50,0x00000000f5b80000)
  to   space 133120K, 0% used [0x00000000f6900000,0x00000000f6900000,0x00000000feb00000)
 ParOldGen       total 515072K, used 482982K [0x00000000a0000000, 0x00000000bf700000, 0x00000000e0000000)
  object space 515072K, 93% used [0x00000000a0000000,0x00000000bd7a9a08,0x00000000bf700000)
 Metaspace       used 176002K, capacity 187036K, committed 190680K, reserved 1214464K
  class space    used 22200K, capacity 24121K, committed 24832K, reserved 1048576K
}
Event: 21901.320 GC heap before
{Heap before GC invocations=113 (full 10):
 PSYoungGen      total 355840K, used 51151K [0x00000000e0000000, 0x00000000feb00000, 0x0000000100000000)
  eden space 215552K, 0% used [0x00000000e0000000,0x00000000e0000000,0x00000000ed280000)
  from space 140288K, 36% used [0x00000000ed280000,0x00000000f0473f50,0x00000000f5b80000)
  to   space 133120K, 0% used [0x00000000f6900000,0x00000000f6900000,0x00000000feb00000)
 ParOldGen       total 515072K, used 482982K [0x00000000a0000000, 0x00000000bf700000, 0x00000000e0000000)
  object space 515072K, 93% used [0x00000000a0000000,0x00000000bd7a9a08,0x00000000bf700000)
 Metaspace       used 176002K, capacity 187036K, committed 190680K, reserved 1214464K
  class space    used 22200K, capacity 24121K, committed 24832K, reserved 1048576K

