# JRE version: OpenJDK Runtime Environment (8.0_212) (build 1.8.0_212-release-1586-b4-5784211)
# Java VM: OpenJDK 64-Bit Server VM (25.212-b4-5784211 mixed mode linux-amd64 compressed oops)
Heap:
 PSYoungGen      total 406528K, used 0K [0x00000000e0000000, 0x0000000100000000, 0x0000000100000000)
  eden space 286720K, 0% used [0x00000000e0000000,0x00000000e0000000,0x00000000f1800000)
  from space 119808K, 0% used [0x00000000f8b00000,0x00000000f8b00000,0x0000000100000000)
  to   space 117760K, 0% used [0x00000000f1800000,0x00000000f1800000,0x00000000f8b00000)
 ParOldGen       total 687616K, used 494029K [0x00000000a0000000, 0x00000000c9f80000, 0x00000000e0000000)
  object space 687616K, 71% used [0x00000000a0000000,0x00000000be2737c0,0x00000000c9f80000)
 Metaspace       used 134707K, capacity 145962K, committed 146328K, reserved 1177600K
  class space    used 16683K, capacity 18560K, committed 18840K, reserved 1048576K
GC Heap History (10 events):
Event: 14811.377 GC heap after
Heap after GC invocations=293 (full 15):
 PSYoungGen      total 369152K, used 65021K [0x00000000e0000000, 0x0000000100000000, 0x0000000100000000)
  eden space 304128K, 0% used [0x00000000e0000000,0x00000000e0000000,0x00000000f2900000)
  from space 65024K, 99% used [0x00000000fc080000,0x00000000fffff7e0,0x0000000100000000)
  to   space 110080K, 0% used [0x00000000f2900000,0x00000000f2900000,0x00000000f9480000)
 ParOldGen       total 687616K, used 375499K [0x00000000a0000000, 0x00000000c9f80000, 0x00000000e0000000)
  object space 687616K, 54% used [0x00000000a0000000,0x00000000b6eb2ed8,0x00000000c9f80000)
 Metaspace       used 134722K, capacity 145994K, committed 146328K, reserved 1177600K
  class space    used 16686K, capacity 18566K, committed 18840K, reserved 1048576K
}
Event: 14812.030 GC heap before
{Heap before GC invocations=294 (full 15):
 PSYoungGen      total 369152K, used 369149K [0x00000000e0000000, 0x0000000100000000, 0x0000000100000000)
  eden space 304128K, 100% used [0x00000000e0000000,0x00000000f2900000,0x00000000f2900000)
  from space 65024K, 99% used [0x00000000fc080000,0x00000000fffff7e0,0x0000000100000000)
  to   space 110080K, 0% used [0x00000000f2900000,0x00000000f2900000,0x00000000f9480000)
 ParOldGen       total 687616K, used 375499K [0x00000000a0000000, 0x00000000c9f80000, 0x00000000e0000000)
  object space 687616K, 54% used [0x00000000a0000000,0x00000000b6eb2ed8,0x00000000c9f80000)
 Metaspace       used 134724K, capacity 145994K, committed 146328K, reserved 1177600K
  class space    used 16686K, capacity 18566K, committed 18840K, reserved 1048576K
Event: 14812.128 GC heap after
Heap after GC invocations=294 (full 15):
 PSYoungGen      total 377344K, used 72770K [0x00000000e0000000, 0x0000000100000000, 0x0000000100000000)
  eden space 304128K, 0% used [0x00000000e0000000,0x00000000e0000000,0x00000000f2900000)
  from space 73216K, 99% used [0x00000000f2900000,0x00000000f7010ab8,0x00000000f7080000)
  to   space 114688K, 0% used [0x00000000f9000000,0x00000000f9000000,0x0000000100000000)
 ParOldGen       total 687616K, used 439623K [0x00000000a0000000, 0x00000000c9f80000, 0x00000000e0000000)
  object space 687616K, 63% used [0x00000000a0000000,0x00000000bad51d10,0x00000000c9f80000)
 Metaspace       used 134724K, capacity 145994K, committed 146328K, reserved 1177600K
  class space    used 16686K, capacity 18566K, committed 18840K, reserved 1048576K
}
Event: 14812.352 GC heap before
{Heap before GC invocations=295 (full 15):
 PSYoungGen      total 377344K, used 376898K [0x00000000e0000000, 0x0000000100000000, 0x0000000100000000)
  eden space 304128K, 100% used [0x00000000e0000000,0x00000000f2900000,0x00000000f2900000)
  from space 73216K, 99% used [0x00000000f2900000,0x00000000f7010ab8,0x00000000f7080000)
  to   space 114688K, 0% used [0x00000000f9000000,0x00000000f9000000,0x0000000100000000)
 ParOldGen       total 687616K, used 439623K [0x00000000a0000000, 0x00000000c9f80000, 0x00000000e0000000)
  object space 687616K, 63% used [0x00000000a0000000,0x00000000bad51d10,0x00000000c9f80000)
 Metaspace       used 134724K, capacity 145994K, committed 146328K, reserved 1177600K
  class space    used 16686K, capacity 18566K, committed 18840K, reserved 1048576K
Event: 14812.472 GC heap after
Heap after GC invocations=295 (full 15):
 PSYoungGen      total 402432K, used 73002K [0x00000000e0000000, 0x0000000100000000, 0x0000000100000000)
  eden space 287744K, 0% used [0x00000000e0000000,0x00000000e0000000,0x00000000f1900000)
  from space 114688K, 63% used [0x00000000f9000000,0x00000000fd74ab30,0x0000000100000000)
  to   space 118272K, 0% used [0x00000000f1900000,0x00000000f1900000,0x00000000f8c80000)
 ParOldGen       total 687616K, used 506524K [0x00000000a0000000, 0x00000000c9f80000, 0x00000000e0000000)
  object space 687616K, 73% used [0x00000000a0000000,0x00000000beea72a8,0x00000000c9f80000)
 Metaspace       used 134724K, capacity 145994K, committed 146328K, reserved 1177600K
  class space    used 16686K, capacity 18566K, committed 18840K, reserved 1048576K
}
Event: 14812.871 GC heap before
{Heap before GC invocations=296 (full 15):
 PSYoungGen      total 402432K, used 360746K [0x00000000e0000000, 0x0000000100000000, 0x0000000100000000)
  eden space 287744K, 100% used [0x00000000e0000000,0x00000000f1900000,0x00000000f1900000)
  from space 114688K, 63% used [0x00000000f9000000,0x00000000fd74ab30,0x0000000100000000)
  to   space 118272K, 0% used [0x00000000f1900000,0x00000000f1900000,0x00000000f8c80000)
 ParOldGen       total 687616K, used 506524K [0x00000000a0000000, 0x00000000c9f80000, 0x00000000e0000000)
  object space 687616K, 73% used [0x00000000a0000000,0x00000000beea72a8,0x00000000c9f80000)
 Metaspace       used 134724K, capacity 145994K, committed 146328K, reserved 1177600K
  class space    used 16686K, capacity 18566K, committed 18840K, reserved 1048576K
Event: 14813.017 GC heap after
Heap after GC invocations=296 (full 15):
 PSYoungGen      total 358912K, used 70677K [0x00000000e0000000, 0x0000000100000000, 0x0000000100000000)
  eden space 287744K, 0% used [0x00000000e0000000,0x00000000e0000000,0x00000000f1900000)
  from space 71168K, 99% used [0x00000000f1900000,0x00000000f5e054e0,0x00000000f5e80000)
  to   space 119808K, 0% used [0x00000000f8b00000,0x00000000f8b00000,0x0000000100000000)
 ParOldGen       total 687616K, used 577247K [0x00000000a0000000, 0x00000000c9f80000, 0x00000000e0000000)
  object space 687616K, 83% used [0x00000000a0000000,0x00000000c33b7d18,0x00000000c9f80000)
 Metaspace       used 134724K, capacity 145994K, committed 146328K, reserved 1177600K
  class space    used 16686K, capacity 18566K, committed 18840K, reserved 1048576K
}
Event: 14813.725 GC heap before
{Heap before GC invocations=297 (full 15):
 PSYoungGen      total 358912K, used 358421K [0x00000000e0000000, 0x0000000100000000, 0x0000000100000000)
  eden space 287744K, 100% used [0x00000000e0000000,0x00000000f1900000,0x00000000f1900000)
  from space 71168K, 99% used [0x00000000f1900000,0x00000000f5e054e0,0x00000000f5e80000)
  to   space 119808K, 0% used [0x00000000f8b00000,0x00000000f8b00000,0x0000000100000000)
 ParOldGen       total 687616K, used 577247K [0x00000000a0000000, 0x00000000c9f80000, 0x00000000e0000000)
  object space 687616K, 83% used [0x00000000a0000000,0x00000000c33b7d18,0x00000000c9f80000)
 Metaspace       used 134726K, capacity 145994K, committed 146328K, reserved 1177600K
  class space    used 16687K, capacity 18566K, committed 18840K, reserved 1048576K
Event: 14813.815 GC heap after
Heap after GC invocations=297 (full 15):
 PSYoungGen      total 406528K, used 62006K [0x00000000e0000000, 0x0000000100000000, 0x0000000100000000)
  eden space 286720K, 0% used [0x00000000e0000000,0x00000000e0000000,0x00000000f1800000)
  from space 119808K, 51% used [0x00000000f8b00000,0x00000000fc78dad0,0x0000000100000000)
  to   space 117760K, 0% used [0x00000000f1800000,0x00000000f1800000,0x00000000f8b00000)
 ParOldGen       total 687616K, used 646625K [0x00000000a0000000, 0x00000000c9f80000, 0x00000000e0000000)
  object space 687616K, 94% used [0x00000000a0000000,0x00000000c77784d0,0x00000000c9f80000)
 Metaspace       used 134726K, capacity 145994K, committed 146328K, reserved 1177600K
  class space    used 16687K, capacity 18566K, committed 18840K, reserved 1048576K
}
Event: 14813.817 GC heap before
{Heap before GC invocations=298 (full 16):
 PSYoungGen      total 406528K, used 62006K [0x00000000e0000000, 0x0000000100000000, 0x0000000100000000)
  eden space 286720K, 0% used [0x00000000e0000000,0x00000000e0000000,0x00000000f1800000)
  from space 119808K, 51% used [0x00000000f8b00000,0x00000000fc78dad0,0x0000000100000000)
  to   space 117760K, 0% used [0x00000000f1800000,0x00000000f1800000,0x00000000f8b00000)
 ParOldGen       total 687616K, used 646625K [0x00000000a0000000, 0x00000000c9f80000, 0x00000000e0000000)
  object space 687616K, 94% used [0x00000000a0000000,0x00000000c77784d0,0x00000000c9f80000)
 Metaspace       used 134726K, capacity 145994K, committed 146328K, reserved 1177600K
  class space    used 16687K, capacity 18566K, committed 18840K, reserved 1048576K

